<?xml version="1.0" encoding="UTF-8"?>
<!-- Generated by org.testng.reporters.JUnitReportReporter -->
<testsuite skipped="0" hostname="DESKTOP-LK7NIRS" name="com.amaz.qa.testcases.LoginPageTest" tests="2" failures="0" timestamp="24 Mar 2020 05:59:09 GMT" time="48.458" errors="0">
  <testcase name="loginPageGetTitleTest" time="18.521" classname="com.amaz.qa.testcases.LoginPageTest"/>
  <testcase name="loginTest" time="29.937" classname="com.amaz.qa.testcases.LoginPageTest"/>
</testsuite> <!-- com.amaz.qa.testcases.LoginPageTest -->
