<?xml version="1.0" encoding="UTF-8"?>
<!-- Generated by org.testng.reporters.JUnitReportReporter -->
<testsuite skipped="0" hostname="DESKTOP-LK7NIRS" name="com.amaz.qa.testcases.SearchPageTest" tests="1" failures="0" timestamp="24 Mar 2020 14:04:35 GMT" time="38.133" errors="0">
  <testcase name="searchTest" time="38.133" classname="com.amaz.qa.testcases.SearchPageTest"/>
</testsuite> <!-- com.amaz.qa.testcases.SearchPageTest -->
