<?xml version="1.0" encoding="UTF-8"?>
<!-- Generated by org.testng.reporters.JUnitReportReporter -->
<testsuite skipped="0" hostname="DESKTOP-LK7NIRS" name="com.amaz.qa.testcases.AddToCartPageTest" tests="1" failures="0" timestamp="24 Mar 2020 14:21:21 GMT" time="37.378" errors="0">
  <testcase name="clickOnAddToCartTest" time="37.378" classname="com.amaz.qa.testcases.AddToCartPageTest"/>
</testsuite> <!-- com.amaz.qa.testcases.AddToCartPageTest -->
