<?xml version="1.0" encoding="UTF-8"?>
<!-- Generated by org.testng.reporters.JUnitReportReporter -->
<testsuite skipped="0" hostname="DESKTOP-LK7NIRS" name="com.amaz.qa.testcases.HomePageTest" tests="2" failures="0" timestamp="24 Mar 2020 05:42:01 GMT" time="42.154" errors="0">
  <testcase name="clickOnSignInTest" time="19.596" classname="com.amaz.qa.testcases.HomePageTest"/>
  <testcase name="HomePageTitleTest" time="22.558" classname="com.amaz.qa.testcases.HomePageTest"/>
</testsuite> <!-- com.amaz.qa.testcases.HomePageTest -->
